This is pdfTeX, Version 3.14159265-2.6-1.40.15 (TeX Live 2014) (preloaded format=mex 2014.5.25)  8 JAN 2015 14:30
entering extended mode
 restricted \write18 enabled.
 %&-line parsing enabled.
**fdct_wrapping_mex.cpp -I~/fftw-2.1.5/fftw libfdct_wrapping.a libfftw.a
(./fdct_wrapping_mex.cpp
This is MeX  Version 1.05  18 XII 1993  (B. Jackowski & M. Ry\'cko)
! You can't use `macro parameter character #' in vertical mode.
l.6 #
     include "mex.h"
? 
! Interruption.
<to be read again> 
                   i
l.6 #i
      nclude "mex.h"
? 
! You can't use `macro parameter character #' in horizontal mode.
l.7 #
     include "matrix.h"
? 
! Interruption.
<to be read again> 
                   i
l.7 #i
      nclude "matrix.h"
? :q
Type <return> to proceed, S to scroll future error messages,
R to run without stopping, Q to run quietly,
I to insert something, E to edit your file,
H for help, X to quit.
? X
No pages of output.
